15:04:08.018 | V |                      | ArgumentsFromParametersFile.OnBuildCreated (150)
15:04:08.042 | V |                      | Passing value for Build.Solution (HyperTrieCore/HyperTrieCore.sln)
15:04:08.050 | V |                      | HandleReSharperSurrogateArguments.OnBuildCreated (150)
15:04:08.050 | V |                      | InjectParameterValues.OnBuildCreated (100)
15:04:08.055 | V |                      | HandleShellCompletion.OnBuildCreated (75)
15:04:08.145 | V |                      | GenerateBuildServerConfigurations.OnBuildCreated (50)
15:04:08.146 | V |                      | InvokeBuildServerConfigurationGeneration.OnBuildCreated (45)
15:04:08.155 | V |                      | UpdateNotification.OnBuildCreated (10)
15:04:08.155 | V |                      | UnsetVisualStudioEnvironmentVariables.OnBuildCreated (0)
15:04:08.155 | V |                      | HandleVisualStudioDebugging.OnBuildCreated (0)
15:04:08.156 | V |                      | EventInvoker.OnBuildCreated (-3.4028235E+38)
15:04:08.166 | V |                      | HandlePlanRequests.OnBuildInitialized (10)
15:04:08.166 | V |                      | HandleHelpRequests.OnBuildInitialized (5)
15:04:08.166 | V |                      | Telemetry.OnBuildInitialized (0)
15:04:08.542 | V |                      | Sending BuildStarted telemetry event ...
15:04:08.543 | V |                      |   build_components         = 
15:04:08.544 | V |                      |   build_type               = Project
15:04:08.544 | V |                      |   compile_time             = <null>
15:04:08.544 | V |                      |   config_generators        = 
15:04:08.544 | V |                      |   host                     = VSCode
15:04:08.544 | V |                      |   num_custom_components    = 0
15:04:08.544 | V |                      |   num_custom_extensions    = 0
15:04:08.544 | V |                      |   num_partitioned_targets  = 0
15:04:08.544 | V |                      |   num_secrets              = 0
15:04:08.544 | V |                      |   num_targets              = 8
15:04:08.544 | V |                      |   os_architecture          = Arm64
15:04:08.544 | V |                      |   os_platform              = OSX
15:04:08.544 | V |                      |   repo_branch              = <null>
15:04:08.544 | V |                      |   repo_commit              = 438c40
15:04:08.544 | V |                      |   repo_provider            = GitHub
15:04:08.544 | V |                      |   repo_url                 = f81815
15:04:08.544 | V |                      |   target_framework         = .NETCoreApp,Version=v8.0
15:04:08.544 | V |                      |   version_dotnet_sdk       = 10.0.201
15:04:08.544 | V |                      |   version_nuke_common      = 8.0.0
15:04:08.544 | V |                      |   version_nuke_global_tool = <null>
15:04:09.101 | V |                      | InjectNonParameterValues.OnBuildInitialized (-100)
15:04:09.124 | V |                      | EventInvoker.OnBuildInitialized (-3.4028235E+38)
15:04:09.132 | V | Restore              | EventInvoker.OnTargetRunning (-3.4028235E+38)
15:04:09.147 | I | Restore              | > /usr/local/share/dotnet/dotnet restore /Users/gregjames/Desktop/HyperTrie/HyperTrieCore/HyperTrieCore.sln
15:04:09.151 | V | Restore              | @ /Users/gregjames/Desktop/HyperTrie
15:04:09.697 | D | Restore              |   Determining projects to restore...
15:04:09.970 | D | Restore              |   Restored /Users/gregjames/Desktop/HyperTrie/HyperTrieCore/src/HyperTrieCore/HyperTrieCore.csproj (in 121 ms).
15:04:10.013 | D | Restore              |   Restored /Users/gregjames/Desktop/HyperTrie/HyperTrieCore/src/HyperTrieTester/HyperTrieTester.csproj (in 170 ms).
15:04:10.028 | V | Restore              | Telemetry.OnTargetSucceeded (0)
15:04:10.116 | V | Restore              | Sending TargetSucceeded telemetry event ...
15:04:10.116 | V | Restore              |   build_components         = 
15:04:10.116 | V | Restore              |   build_type               = Project
15:04:10.116 | V | Restore              |   compile_time             = <null>
15:04:10.116 | V | Restore              |   config_generators        = 
15:04:10.116 | V | Restore              |   host                     = VSCode
15:04:10.116 | V | Restore              |   num_custom_components    = 0
15:04:10.116 | V | Restore              |   num_custom_extensions    = 0
15:04:10.116 | V | Restore              |   num_partitioned_targets  = 0
15:04:10.116 | V | Restore              |   num_secrets              = 0
15:04:10.116 | V | Restore              |   num_targets              = 8
15:04:10.116 | V | Restore              |   os_architecture          = Arm64
15:04:10.116 | V | Restore              |   os_platform              = OSX
15:04:10.116 | V | Restore              |   repo_branch              = <null>
15:04:10.116 | V | Restore              |   repo_commit              = 438c40
15:04:10.116 | V | Restore              |   repo_provider            = GitHub
15:04:10.116 | V | Restore              |   repo_url                 = f81815
15:04:10.116 | V | Restore              |   target_current_partition = 1
15:04:10.116 | V | Restore              |   target_duration          = 1
15:04:10.116 | V | Restore              |   target_framework         = .NETCoreApp,Version=v8.0
15:04:10.116 | V | Restore              |   target_name              = Restore
15:04:10.116 | V | Restore              |   target_total_partitions  = 1
15:04:10.116 | V | Restore              |   version_dotnet_sdk       = 10.0.201
15:04:10.116 | V | Restore              |   version_nuke_common      = 8.0.0
15:04:10.116 | V | Restore              |   version_nuke_global_tool = <null>
15:04:10.277 | V | Restore              | EventInvoker.OnTargetSucceeded (-3.4028235E+38)
15:04:10.278 | V | Compile              | EventInvoker.OnTargetRunning (-3.4028235E+38)
15:04:10.281 | I | Compile              | > /usr/local/share/dotnet/dotnet build /Users/gregjames/Desktop/HyperTrie/HyperTrieCore/HyperTrieCore.sln --configuration Debug --no-restore /property:Version=1.0.0
15:04:10.281 | V | Compile              | @ /Users/gregjames/Desktop/HyperTrie
15:04:10.899 | D | Compile              |   HyperTrieCore -> /Users/gregjames/Desktop/HyperTrie/HyperTrieCore/src/HyperTrieCore/bin/Debug/net8.0/HyperTrieCore.dll
15:04:11.212 | D | Compile              |   Successfully created package '/Users/gregjames/Desktop/HyperTrie/HyperTrieCore/src/HyperTrieCore/bin/Debug/HyperTrieCore.1.0.0.nupkg'.
15:04:11.368 | D | Compile              |   HyperTrieTester -> /Users/gregjames/Desktop/HyperTrie/HyperTrieCore/src/HyperTrieTester/bin/Debug/net8.0/HyperTrieTester.dll
15:04:11.387 | D | Compile              | 
15:04:11.387 | D | Compile              | Build succeeded.
15:04:11.387 | D | Compile              |     0 Warning(s)
15:04:11.387 | D | Compile              |     0 Error(s)
15:04:11.387 | D | Compile              | 
15:04:11.387 | D | Compile              | Time Elapsed 00:00:00.99
15:04:11.397 | V | Compile              | Telemetry.OnTargetSucceeded (0)
15:04:11.485 | V | Compile              | Sending TargetSucceeded telemetry event ...
15:04:11.485 | V | Compile              |   build_components         = 
15:04:11.485 | V | Compile              |   build_type               = Project
15:04:11.485 | V | Compile              |   compile_time             = <null>
15:04:11.485 | V | Compile              |   config_generators        = 
15:04:11.485 | V | Compile              |   host                     = VSCode
15:04:11.485 | V | Compile              |   num_custom_components    = 0
15:04:11.485 | V | Compile              |   num_custom_extensions    = 0
15:04:11.485 | V | Compile              |   num_partitioned_targets  = 0
15:04:11.485 | V | Compile              |   num_secrets              = 0
15:04:11.485 | V | Compile              |   num_targets              = 8
15:04:11.485 | V | Compile              |   os_architecture          = Arm64
15:04:11.485 | V | Compile              |   os_platform              = OSX
15:04:11.485 | V | Compile              |   repo_branch              = <null>
15:04:11.485 | V | Compile              |   repo_commit              = 438c40
15:04:11.485 | V | Compile              |   repo_provider            = GitHub
15:04:11.485 | V | Compile              |   repo_url                 = f81815
15:04:11.485 | V | Compile              |   target_current_partition = 1
15:04:11.485 | V | Compile              |   target_duration          = 1
15:04:11.485 | V | Compile              |   target_framework         = .NETCoreApp,Version=v8.0
15:04:11.485 | V | Compile              |   target_name              = Compile
15:04:11.485 | V | Compile              |   target_total_partitions  = 1
15:04:11.485 | V | Compile              |   version_dotnet_sdk       = 10.0.201
15:04:11.485 | V | Compile              |   version_nuke_common      = 8.0.0
15:04:11.485 | V | Compile              |   version_nuke_global_tool = <null>
15:04:11.693 | V | Compile              | EventInvoker.OnTargetSucceeded (-3.4028235E+38)
15:04:11.693 | V | Pack                 | EventInvoker.OnTargetRunning (-3.4028235E+38)
15:04:11.696 | I | Pack                 | > /usr/local/share/dotnet/dotnet pack /Users/gregjames/Desktop/HyperTrie/HyperTrieCore/src/HyperTrieCore/HyperTrieCore.csproj --configuration Release --no-build /property:Version=1.0.0
15:04:11.696 | V | Pack                 | @ /Users/gregjames/Desktop/HyperTrie
15:04:12.297 | D | Pack                 |   Successfully created package '/Users/gregjames/Desktop/HyperTrie/HyperTrieCore/src/HyperTrieCore/bin/Release/HyperTrieCore.1.0.0.nupkg'.
15:04:12.306 | V | Pack                 | Telemetry.OnTargetSucceeded (0)
15:04:12.306 | V | Pack                 | EventInvoker.OnTargetSucceeded (-3.4028235E+38)
15:04:12.310 | V |                      | UpdateNotification.OnBuildFinished (10)
15:04:12.310 | V |                      | SerializeBuildServerState.OnBuildFinished (0)
15:04:12.310 | V |                      | EventInvoker.OnBuildFinished (-3.4028235E+38)
